<?xml version="1.0" encoding="UTF-8"?>
<!-- Generated by org.testng.reporters.JUnitReportReporter -->
<testsuite hostname="LAPTOP-2KNBSAI2" failures="0" tests="1" name="demo.Ashuu" time="0.006" errors="0" timestamp="2022-03-11T10:47:18 GMT-08:00" skipped="0">
  <testcase classname="demo.Ashuu" name="test" time="0.006"/>
  <system-out/>
</testsuite> <!-- demo.Ashuu -->
